#
# A fatal error has been detected by the Java Runtime Environment:
#
#  EXCEPTION_ACCESS_VIOLATION (0xc0000005) at pc=0x000000000262237a, pid=10868, tid=0x000000000000044c
#
# JRE version: OpenJDK Runtime Environment (8.0_152-b02) (build 1.8.0_152-release-1024-b02)
# Java VM: OpenJDK 64-Bit Server VM (25.152-b02 mixed mode windows-amd64 compressed oops)
# Problematic frame:
# J 925 C2 com.android.dx.ssa.RegisterMapper.map(Lcom/android/dx/rop/code/RegisterSpecList;)Lcom/android/dx/rop/code/RegisterSpecList; (63 bytes) @ 0x000000000262237a [0x0000000002622340+0x3a]
#
# Failed to write core dump. Minidumps are not enabled by default on client versions of Windows
#
# If you would like to submit a bug report, please visit:
#   http://bugreport.java.com/bugreport/crash.jsp
#

---------------  T H R E A D  ---------------

Current thread (0x0000000016522800):  JavaThread "pool-1-thread-2" [_thread_in_Java, id=1100, stack(0x0000000016ab0000,0x0000000016bb0000)]

siginfo: ExceptionCode=0xc0000005, reading address 0x0000000020011517

Registers:
RAX=0x00000001000822c8, RBX=0x00000000144c66a8, RCX=0x00000000ef39ca08, RDX=0x00000000ed250430
RSP=0x0000000016bae5a0, RBP=0x00000000ed24f0b0, RSI=0x00000001000822c8, RDI=0x00000000000037a0
R8 =0x00000000ed24f0b0, R9 =0x00000000eed5f0a8, R10=0x000000002001150b, R11=0x0000000000000000
R12=0x0000000000000000, R13=0x0000000000000000, R14=0x00000000d5eba2e6, R15=0x0000000016522800
RIP=0x000000000262237a, EFLAGS=0x0000000000010206

Top of Stack: (sp=0x0000000016bae5a0)
0x0000000016bae5a0:   0000000000000000 0000000016bae5f8
0x0000000016bae5b0:   00000000c0000348 00000000c0000318
0x0000000016bae5c0:   000000001446bea8 0000000000000000
0x0000000016bae5d0:   00000000ed250430 00000000ed24f0b0
0x0000000016bae5e0:   00000000ed2547d8 00000000ed252e00
0x0000000016bae5f0:   00000000ed24f0b0 000000000267b0f8
0x0000000016bae600:   00000000eeb236e0 0000000000000000
0x0000000016bae610:   0000000016baead0 0000000002584d87
0x0000000016bae620:   00000000ed24f918 00000000ed24f8e0
0x0000000016bae630:   00000000ed24f0b0 00000000ed252370
0x0000000016bae640:   0000000000000007 00000000026224e8
0x0000000016bae650:   0000000000000003 000000000272a4cc
0x0000000016bae660:   00000000ed250468 00000000026a6198
0x0000000016bae670:   00000000ed1f5f90 0000000000000000
0x0000000016bae680:   0000000400000006 00000000eeb08468
0x0000000016bae690:   0000000016baead0 0000000002583e94 

Instructions: (pc=0x000000000262237a)
0x000000000262235a:   00 00 66 66 66 90 89 84 24 00 a0 ff ff 55 48 83
0x000000000262236a:   ec 50 48 89 54 24 30 4c 89 44 24 38 45 8b 50 10
0x000000000262237a:   45 8b 5a 0c 4d 8b 4f 60 4d 8b d1 49 83 c2 18 4d
0x000000000262238a:   3b 57 70 0f 83 b6 05 00 00 4d 89 57 60 41 0f 0d 


Register to memory mapping:

RAX=0x00000001000822c8 is pointing into metadata
RBX={method} {0x00000000144c66b0} 'mapSourceRegisters' '(Lcom/android/dx/ssa/RegisterMapper;)V' in 'com/android/dx/ssa/NormalSsaInsn'
RCX=0x00000000ef39ca08 is an oop
java.util.HashMap$Node 
 - klass: 'java/util/HashMap$Node'
RDX=0x00000000ed250430 is an oop
com.android.dx.ssa.BasicRegisterMapper 
 - klass: 'com/android/dx/ssa/BasicRegisterMapper'
RSP=0x0000000016bae5a0 is pointing into the stack for thread: 0x0000000016522800
RBP=0x00000000ed24f0b0 is an oop

[error occurred during error reporting (printing register info), id 0xc0000005]

Stack: [0x0000000016ab0000,0x0000000016bb0000],  sp=0x0000000016bae5a0,  free space=1017k
Native frames: (J=compiled Java code, j=interpreted, Vv=VM code, C=native code)
C  0x000000000262237a


---------------  P R O C E S S  ---------------

Java Threads: ( => current thread )
  0x0000000016532000 JavaThread "pool-1-thread-4" [_thread_in_vm, id=10360, stack(0x0000000016cb0000,0x0000000016db0000)]
  0x000000001652f800 JavaThread "pool-1-thread-3" [_thread_blocked, id=10400, stack(0x0000000016bb0000,0x0000000016cb0000)]
=>0x0000000016522800 JavaThread "pool-1-thread-2" [_thread_in_Java, id=1100, stack(0x0000000016ab0000,0x0000000016bb0000)]
  0x000000001651f800 JavaThread "pool-2-thread-1" [_thread_blocked, id=10272, stack(0x00000000169b0000,0x0000000016ab0000)]
  0x000000001651f000 JavaThread "pool-1-thread-1" [_thread_blocked, id=11220, stack(0x00000000168b0000,0x00000000169b0000)]
  0x00000000162b6000 JavaThread "Service Thread" daemon [_thread_blocked, id=6544, stack(0x00000000166b0000,0x00000000167b0000)]
  0x00000000149b9800 JavaThread "C1 CompilerThread2" daemon [_thread_blocked, id=2940, stack(0x00000000161b0000,0x00000000162b0000)]
  0x0000000014960000 JavaThread "C2 CompilerThread1" daemon [_thread_blocked, id=10248, stack(0x00000000160b0000,0x00000000161b0000)]
  0x000000001495c000 JavaThread "C2 CompilerThread0" daemon [_thread_blocked, id=7228, stack(0x0000000015fb0000,0x00000000160b0000)]
  0x000000001495a800 JavaThread "Attach Listener" daemon [_thread_blocked, id=9720, stack(0x0000000015eb0000,0x0000000015fb0000)]
  0x0000000014959000 JavaThread "Signal Dispatcher" daemon [_thread_blocked, id=8872, stack(0x0000000015db0000,0x0000000015eb0000)]
  0x0000000014948800 JavaThread "Finalizer" daemon [_thread_blocked, id=8320, stack(0x0000000015bd0000,0x0000000015cd0000)]
  0x0000000002283000 JavaThread "Reference Handler" daemon [_thread_blocked, id=11172, stack(0x0000000015ad0000,0x0000000015bd0000)]
  0x0000000001f8e000 JavaThread "main" [_thread_in_vm, id=2136, stack(0x0000000001f90000,0x0000000002090000)]

Other Threads:
  0x0000000014926800 VMThread [stack: 0x00000000159d0000,0x0000000015ad0000] [id=7880]
  0x00000000162b7800 WatcherThread [stack: 0x00000000167b0000,0x00000000168b0000] [id=6660]

VM state:synchronizing (normal execution)

VM Mutex/Monitor currently owned by a thread:  ([mutex/lock_event])
[0x0000000001f8d270] Safepoint_lock - owner thread: 0x0000000014926800
[0x0000000001f8d070] Threads_lock - owner thread: 0x0000000014926800
[0x0000000001f8cd70] Heap_lock - owner thread: 0x0000000016532000

Heap:
 PSYoungGen      total 76288K, used 76266K [0x00000000eab00000, 0x00000000f4000000, 0x0000000100000000)
  eden space 65536K, 100% used [0x00000000eab00000,0x00000000eeb00000,0x00000000eeb00000)
  from space 10752K, 99% used [0x00000000eeb00000,0x00000000ef57a980,0x00000000ef580000)
  to   space 10752K, 0% used [0x00000000f3580000,0x00000000f3580000,0x00000000f4000000)
 ParOldGen       total 175104K, used 145K [0x00000000c0000000, 0x00000000cab00000, 0x00000000eab00000)
  object space 175104K, 0% used [0x00000000c0000000,0x00000000c0024520,0x00000000cab00000)
 Metaspace       used 6371K, capacity 7128K, committed 7424K, reserved 1056768K
  class space    used 610K, capacity 656K, committed 768K, reserved 1048576K

Card table byte_map: [0x0000000011650000,0x0000000011860000] byte_map_base: 0x0000000011050000

Marking Bits: (ParMarkBitMap*) 0x000000006ebe4970
 Begin Bits: [0x0000000011dc0000, 0x0000000012dc0000)
 End Bits:   [0x0000000012dc0000, 0x0000000013dc0000)

Polling page: 0x00000000005c0000

CodeCache: size=245760Kb used=6403Kb max_used=6403Kb free=239356Kb
 bounds [0x0000000002290000, 0x00000000028e0000, 0x0000000011290000]
 total_blobs=1906 nmethods=1637 adapters=182
 compilation: enabled

Compilation events (10 events):
Event: 1.463 Thread 0x00000000149b9800 1598       2       com.android.dx.cf.direct.DirectClassFile::getThisClass (9 bytes)
Event: 1.463 Thread 0x00000000149b9800 nmethod 1598 0x000000000288f590 code [0x000000000288f700, 0x000000000288f888]
Event: 1.466 Thread 0x00000000149b9800 1599       2       java.util.concurrent.ThreadPoolExecutor::isRunning (10 bytes)
Event: 1.466 Thread 0x00000000149b9800 nmethod 1599 0x000000000287fc10 code [0x000000000287fd60, 0x000000000287feb0]
Event: 1.467 Thread 0x00000000149b9800 1600       2       com.android.dx.cf.attrib.InnerClassList::set (19 bytes)
Event: 1.467 Thread 0x00000000149b9800 nmethod 1600 0x000000000288f950 code [0x000000000288fb00, 0x0000000002890018]
Event: 1.467 Thread 0x00000000149b9800 1601       2       com.android.dx.rop.annotation.Annotation::put (32 bytes)
Event: 1.468 Thread 0x00000000149b9800 nmethod 1601 0x0000000002890550 code [0x00000000028906e0, 0x00000000028909e8]
Event: 1.468 Thread 0x00000000149b9800 1602       2       com.android.dx.rop.code.ThrowingInsn::<init> (49 bytes)
Event: 1.468 Thread 0x00000000149b9800 nmethod 1602 0x0000000002890bd0 code [0x0000000002890d60, 0x0000000002891088]

GC Heap History (2 events):
Event: 1.262 GC heap before
{Heap before GC invocations=1 (full 0):
 PSYoungGen      total 76288K, used 65536K [0x00000000eab00000, 0x00000000f0000000, 0x0000000100000000)
  eden space 65536K, 100% used [0x00000000eab00000,0x00000000eeb00000,0x00000000eeb00000)
  from space 10752K, 0% used [0x00000000ef580000,0x00000000ef580000,0x00000000f0000000)
  to   space 10752K, 0% used [0x00000000eeb00000,0x00000000eeb00000,0x00000000ef580000)
 ParOldGen       total 175104K, used 0K [0x00000000c0000000, 0x00000000cab00000, 0x00000000eab00000)
  object space 175104K, 0% used [0x00000000c0000000,0x00000000c0000000,0x00000000cab00000)
 Metaspace       used 6229K, capacity 7064K, committed 7424K, reserved 1056768K
  class space    used 609K, capacity 656K, committed 768K, reserved 1048576K
Event: 1.283 GC heap after
Heap after GC invocations=1 (full 0):
 PSYoungGen      total 76288K, used 10730K [0x00000000eab00000, 0x00000000f4000000, 0x0000000100000000)
  eden space 65536K, 0% used [0x00000000eab00000,0x00000000eab00000,0x00000000eeb00000)
  from space 10752K, 99% used [0x00000000eeb00000,0x00000000ef57a980,0x00000000ef580000)
  to   space 10752K, 0% used [0x00000000f3580000,0x00000000f3580000,0x00000000f4000000)
 ParOldGen       total 175104K, used 145K [0x00000000c0000000, 0x00000000cab00000, 0x00000000eab00000)
  object space 175104K, 0% used [0x00000000c0000000,0x00000000c0024520,0x00000000cab00000)
 Metaspace       used 6229K, capacity 7064K, committed 7424K, reserved 1056768K
  class space    used 609K, capacity 656K, committed 768K, reserved 1048576K
}

Deoptimization events (10 events):
Event: 1.178 Thread 0x0000000016532000 Uncommon trap: reason=bimorphic action=maybe_recompile pc=0x00000000026585f4 method=java.util.HashMap.getNode(ILjava/lang/Object;)Ljava/util/HashMap$Node; @ 126
Event: 1.179 Thread 0x0000000016532000 Uncommon trap: reason=class_check action=maybe_recompile pc=0x000000000270d140 method=java.util.HashMap.putVal(ILjava/lang/Object;Ljava/lang/Object;ZZ)Ljava/lang/Object; @ 203
Event: 1.179 Thread 0x0000000016532000 Uncommon trap: reason=bimorphic action=maybe_recompile pc=0x00000000026585f4 method=java.util.HashMap.getNode(ILjava/lang/Object;)Ljava/util/HashMap$Node; @ 126
Event: 1.179 Thread 0x0000000016532000 Uncommon trap: reason=class_check action=maybe_recompile pc=0x000000000270d140 method=java.util.HashMap.putVal(ILjava/lang/Object;Ljava/lang/Object;ZZ)Ljava/lang/Object; @ 203
Event: 1.179 Thread 0x0000000016532000 Uncommon trap: reason=bimorphic action=maybe_recompile pc=0x0000000002657198 method=java.util.HashMap.getNode(ILjava/lang/Object;)Ljava/util/HashMap$Node; @ 126
Event: 1.183 Thread 0x0000000016532000 Uncommon trap: reason=unstable_if action=reinterpret pc=0x00000000026585dc method=java.util.HashMap.getNode(ILjava/lang/Object;)Ljava/util/HashMap$Node; @ 84
Event: 1.183 Thread 0x0000000016532000 Uncommon trap: reason=unstable_if action=reinterpret pc=0x000000000270d0f4 method=java.util.HashMap.putVal(ILjava/lang/Object;Ljava/lang/Object;ZZ)Ljava/lang/Object; @ 109
Event: 1.296 Thread 0x000000001652f800 Uncommon trap: reason=unstable_if action=reinterpret pc=0x00000000026ccfb0 method=com.android.dx.dex.code.OutputFinisher.hasLocalInfo(Lcom/android/dx/dex/code/DalvInsn;)Z @ 24
Event: 1.324 Thread 0x000000001651f000 Uncommon trap: reason=unstable_if action=reinterpret pc=0x00000000026ccb3c method=com.android.dx.util.IntList.binarysearch(I)I @ 105
Event: 1.426 Thread 0x000000001651f000 Uncommon trap: reason=unstable_if action=reinterpret pc=0x0000000002657184 method=java.util.HashMap.getNode(ILjava/lang/Object;)Ljava/util/HashMap$Node; @ 84

Classes redefined (0 events):
No events

Internal exceptions (6 events):
Event: 0.162 Thread 0x0000000001f8e000 Exception <a 'java/lang/NoSuchMethodError': Method sun.misc.Unsafe.defineClass(Ljava/lang/String;[BII)Ljava/lang/Class; name or signature does not match> (0x00000000eab07ca8) thrown at [D:\src\AOSP-openjdk-cygwin\jdk8u\hotspot\src\share\vm\prims\jni.cpp, 
Event: 0.162 Thread 0x0000000001f8e000 Exception <a 'java/lang/NoSuchMethodError': Method sun.misc.Unsafe.prefetchRead(Ljava/lang/Object;J)V name or signature does not match> (0x00000000eab07f90) thrown at [D:\src\AOSP-openjdk-cygwin\jdk8u\hotspot\src\share\vm\prims\jni.cpp, line 4011]
Event: 0.833 Thread 0x0000000016522800 Implicit null exception at 0x0000000002564562 to 0x000000000256465a
Event: 1.135 Thread 0x0000000001f8e000 Exception <a 'java/lang/ArrayIndexOutOfBoundsException': 18> (0x00000000ede5fc28) thrown at [D:\src\AOSP-openjdk-cygwin\jdk8u\hotspot\src\share\vm\interpreter\interpreterRuntime.cpp, line 366]
Event: 1.135 Thread 0x0000000001f8e000 Exception <a 'java/lang/ArrayIndexOutOfBoundsException': 145> (0x00000000ede617a8) thrown at [D:\src\AOSP-openjdk-cygwin\jdk8u\hotspot\src\share\vm\interpreter\interpreterRuntime.cpp, line 366]
Event: 1.136 Thread 0x0000000001f8e000 Exception <a 'java/lang/ArrayIndexOutOfBoundsException'> (0x00000000ede62a90) thrown at [D:\src\AOSP-openjdk-cygwin\jdk8u\hotspot\src\share\vm\runtime\sharedRuntime.cpp, line 605]

Events (10 events):
Event: 1.296 Thread 0x000000001652f800 DEOPT PACKING pc=0x00000000026ccfb0 sp=0x0000000016cae960
Event: 1.296 Thread 0x000000001652f800 DEOPT UNPACKING pc=0x00000000022d557b sp=0x0000000016cae878 mode 2
Event: 1.324 Thread 0x000000001651f000 Uncommon trap: trap_request=0xffffff65 fr.pc=0x00000000026ccb3c
Event: 1.324 Thread 0x000000001651f000 DEOPT PACKING pc=0x00000000026ccb3c sp=0x00000000169aed00
Event: 1.324 Thread 0x000000001651f000 DEOPT UNPACKING pc=0x00000000022d557b sp=0x00000000169aec78 mode 2
Event: 1.426 Thread 0x000000001651f000 Uncommon trap: trap_request=0xffffff65 fr.pc=0x0000000002657184
Event: 1.426 Thread 0x000000001651f000 DEOPT PACKING pc=0x0000000002657184 sp=0x00000000169aec80
Event: 1.426 Thread 0x000000001651f000 DEOPT UNPACKING pc=0x00000000022d557b sp=0x00000000169aeba0 mode 2
Event: 1.436 Thread 0x000000001651f000 DEOPT PACKING pc=0x000000000259c76a sp=0x00000000169aec30
Event: 1.436 Thread 0x000000001651f000 DEOPT UNPACKING pc=0x00000000022d75d0 sp=0x00000000169ae9f8 mode 0


Dynamic libraries:
0x00007ff6aa110000 - 0x00007ff6aa141000 	C:\Program Files\Android\Android Studio\jre\bin\java.exe
0x00007ffd71cb0000 - 0x00007ffd71e72000 	C:\Windows\SYSTEM32\ntdll.dll
0x00007ffd71870000 - 0x00007ffd7191d000 	C:\Windows\system32\KERNEL32.DLL
0x00007ffd6f1a0000 - 0x00007ffd6f37d000 	C:\Windows\system32\KERNELBASE.dll
0x00007ffd6f800000 - 0x00007ffd6f8a6000 	C:\Windows\system32\ADVAPI32.dll
0x00007ffd6fc30000 - 0x00007ffd6fccd000 	C:\Windows\system32\msvcrt.dll
0x00007ffd6f8b0000 - 0x00007ffd6f90b000 	C:\Windows\system32\sechost.dll
0x00007ffd713e0000 - 0x00007ffd71506000 	C:\Windows\system32\RPCRT4.dll
0x00007ffd6f980000 - 0x00007ffd6face000 	C:\Windows\system32\USER32.dll
0x00007ffd71ad0000 - 0x00007ffd71c55000 	C:\Windows\system32\GDI32.dll
0x00007ffd5ecd0000 - 0x00007ffd5ef44000 	C:\Windows\WinSxS\amd64_microsoft.windows.common-controls_6595b64144ccf1df_6.0.10240.16384_none_f41f7b285750ef43\COMCTL32.dll
0x00007ffd71c70000 - 0x00007ffd71ca6000 	C:\Windows\system32\IMM32.DLL
0x00007ffd6fad0000 - 0x00007ffd6fc2c000 	C:\Windows\system32\MSCTF.dll
0x000000006e260000 - 0x000000006e332000 	C:\Program Files\Android\Android Studio\jre\jre\bin\msvcr100.dll
0x000000006e420000 - 0x000000006ec5f000 	C:\Program Files\Android\Android Studio\jre\jre\bin\server\jvm.dll
0x00007ffd71c60000 - 0x00007ffd71c68000 	C:\Windows\system32\PSAPI.DLL
0x00007ffd64680000 - 0x00007ffd64689000 	C:\Windows\SYSTEM32\WSOCK32.dll
0x00007ffd6fde0000 - 0x00007ffd6fe49000 	C:\Windows\system32\WS2_32.dll
0x00007ffd6f6d0000 - 0x00007ffd6f6d8000 	C:\Windows\system32\NSI.dll
0x00007ffd5ceb0000 - 0x00007ffd5ced3000 	C:\Windows\SYSTEM32\WINMM.dll
0x00007ffd6cca0000 - 0x00007ffd6ccaa000 	C:\Windows\SYSTEM32\VERSION.dll
0x00007ffd5c4e0000 - 0x00007ffd5c50c000 	C:\Windows\SYSTEM32\WINMMBASE.dll
0x00007ffd6e780000 - 0x00007ffd6e7c4000 	C:\Windows\system32\cfgmgr32.dll
0x00007ffd6e3e0000 - 0x00007ffd6e407000 	C:\Windows\SYSTEM32\DEVOBJ.dll
0x00007ffd6ce30000 - 0x00007ffd6ce3f000 	C:\Program Files\Android\Android Studio\jre\jre\bin\verify.dll
0x00007ffd6ce00000 - 0x00007ffd6ce29000 	C:\Program Files\Android\Android Studio\jre\jre\bin\java.dll
0x00007ffd668d0000 - 0x00007ffd668e6000 	C:\Program Files\Android\Android Studio\jre\jre\bin\zip.dll
0x00007ffd6fe50000 - 0x00007ffd71375000 	C:\Windows\system32\SHELL32.dll
0x00007ffd6eb70000 - 0x00007ffd6f198000 	C:\Windows\system32\windows.storage.dll
0x00007ffd715f0000 - 0x00007ffd7186c000 	C:\Windows\system32\combase.dll
0x00007ffd71380000 - 0x00007ffd713d1000 	C:\Windows\system32\shlwapi.dll
0x00007ffd6e700000 - 0x00007ffd6e70f000 	C:\Windows\system32\kernel.appcore.dll
0x00007ffd6eab0000 - 0x00007ffd6eb63000 	C:\Windows\system32\shcore.dll
0x00007ffd6e730000 - 0x00007ffd6e77a000 	C:\Windows\system32\powrprof.dll
0x00007ffd6e710000 - 0x00007ffd6e723000 	C:\Windows\system32\profapi.dll
0x00007ffd6e250000 - 0x00007ffd6e3da000 	C:\Windows\SYSTEM32\dbghelp.dll

VM Arguments:
jvm_args: -Djava.awt.headless=true -Xmx1024M -Dfile.encoding=windows-1252 -Duser.country=IN -Duser.language=en -Duser.variant 
java_command: com.android.dx.command.Main --dex --num-threads=4 --output G:\projects\VECV-Eicher\sipl-react-native-master\sipl-react-native-master\android\app\build\intermediates\pre-dexed\debug\com.android.support-appcompat-v7-23.0.1_377ade54d77541b3e8f23ce7bb1890b698d18048.jar G:\projects\VECV-Eicher\sipl-react-native-master\sipl-react-native-master\android\app\build\intermediates\exploded-aar\com.android.support\appcompat-v7\23.0.1\jars\classes.jar
java_class_path (initial): C:\Users\Pankaj\AppData\Local\Android\sdk\build-tools\23.0.1\lib\dx.jar
Launcher Type: SUN_STANDARD

Environment Variables:
PATH=C:\Program Files (x86)\Common Files\Oracle\Java\javapath;C:\Windows\system32;C:\Windows;C:\Windows\System32\Wbem;C:\Windows\System32\WindowsPowerShell\v1.0\;C:\Program Files (x86)\Skype\Phone\;C:\Windows\system32\config\systemprofile\.dnx\bin;C:\Program Files\Microsoft DNX\Dnvm\;C:\Program Files\Microsoft SQL Server\120\Tools\Binn\;C:\Program Files\Microsoft SQL Server\130\Tools\Binn\;C:\Program Files (x86)\Microsoft Emulator Manager\1.0\;C:\Program Files (x86)\Windows Kits\10\Windows Performance Toolkit\;C:\Program Files (x86)\nodejs\;C:\Program Files\Git\cmd;C:\Users\Pankaj\AppData\Local\Programs\Microsoft VS Code\bin;C:\Users\Pankaj\AppData\Roaming\npm
USERNAME=Pankaj
OS=Windows_NT
PROCESSOR_IDENTIFIER=Intel64 Family 6 Model 94 Stepping 3, GenuineIntel



---------------  S Y S T E M  ---------------

OS: Windows 10.0 , 64 bit Build 10240 (10.0.10240.16384)

CPU:total 4 (initial active 4) (2 cores per cpu, 2 threads per core) family 6 model 94 stepping 3, cmov, cx8, fxsr, mmx, sse, sse2, sse3, ssse3, sse4.1, sse4.2, popcnt, avx, avx2, aes, clmul, erms, 3dnowpref, lzcnt, ht, tsc, tscinvbit, bmi1, bmi2, adx

Memory: 4k page, physical 16672420k(10179560k free), swap 19687076k(11930984k free)

vm_info: OpenJDK 64-Bit Server VM (25.152-b02) for windows-amd64 JRE (1.8.0_152-release-1024-b02), built by "builder" with MS VC++ 10.0 (VS2010)

time: Thu Aug 30 10:36:41 2018
elapsed time: 1 seconds (0d 0h 0m 1s)

